  subst'ing C:\Coin3D\src\Inventor\Win\common\devices\SoGuiDevice.cpp.in
  subst'ing C:\Coin3D\src\Inventor\Win\common\devices\SoGuiDevice.h.in
  subst'ing C:\Coin3D\src\Inventor\Win\common\devices\SoGuiDeviceP.h.in
  subst'ing C:\Coin3D\src\Inventor\Win\common\devices\SoGuiInputFocus.cpp.in
  subst'ing C:\Coin3D\src\Inventor\Win\common\devices\SoGuiInputFocus.h.in
  subst'ing C:\Coin3D\src\Inventor\Win\common\devices\SoGuiInputFocusP.h.in
  subst'ing C:\Coin3D\src\Inventor\Win\common\devices\SoGuiKeyboard.cpp.in
  subst'ing C:\Coin3D\src\Inventor\Win\common\devices\SoGuiKeyboard.h.in
  subst'ing C:\Coin3D\src\Inventor\Win\common\devices\SoGuiKeyboardP.h.in
  subst'ing C:\Coin3D\src\Inventor\Win\common\devices\SoGuiMouse.cpp.in
  subst'ing C:\Coin3D\src\Inventor\Win\common\devices\SoGuiMouse.h.in
  subst'ing C:\Coin3D\src\Inventor\Win\common\devices\SoGuiMouseP.h.in
  subst'ing C:\Coin3D\src\Inventor\Win\common\editors\SoGuiColorEditor.cpp.in
  subst'ing C:\Coin3D\src\Inventor\Win\common\editors\SoGuiColorEditor.h.in
  subst'ing C:\Coin3D\src\Inventor\Win\common\editors\SoGuiMaterialEditor.cpp.in
  subst'ing C:\Coin3D\src\Inventor\Win\common\editors\SoGuiMaterialEditor.h.in
  subst'ing C:\Coin3D\src\Inventor\Win\common\engines\Engines.cpp.in
  subst'ing C:\Coin3D\src\Inventor\Win\common\engines\Engines.h.in
  subst'ing C:\Coin3D\src\Inventor\Win\common\engines\Format.cpp.in
  subst'ing C:\Coin3D\src\Inventor\Win\common\engines\Format.h.in
  subst'ing C:\Coin3D\src\Inventor\Win\common\engines\RadioGroup.cpp.in
  subst'ing C:\Coin3D\src\Inventor\Win\common\engines\RadioGroup.h.in
  subst'ing C:\Coin3D\src\Inventor\Win\common\gl.h.in
  subst'ing C:\Coin3D\src\Inventor\Win\common\nodes\ClickCounter.cpp.in
  subst'ing C:\Coin3D\src\Inventor\Win\common\nodes\ClickCounter.h.in
  subst'ing C:\Coin3D\src\Inventor\Win\common\nodes\ColorEditor.cpp.in
  subst'ing C:\Coin3D\src\Inventor\Win\common\nodes\ColorEditor.h.in
  subst'ing C:\Coin3D\src\Inventor\Win\common\nodes\Frame.cpp.in
  subst'ing C:\Coin3D\src\Inventor\Win\common\nodes\Frame.h.in
  subst'ing C:\Coin3D\src\Inventor\Win\common\nodes\Image.cpp.in
  subst'ing C:\Coin3D\src\Inventor\Win\common\nodes\Image.h.in
  subst'ing C:\Coin3D\src\Inventor\Win\common\nodes\Label.cpp.in
  subst'ing C:\Coin3D\src\Inventor\Win\common\nodes\Label.h.in
  subst'ing C:\Coin3D\src\Inventor\Win\common\nodes\MaterialEditor.cpp.in
  subst'ing C:\Coin3D\src\Inventor\Win\common\nodes\MaterialEditor.h.in
  subst'ing C:\Coin3D\src\Inventor\Win\common\nodes\Nodes.cpp.in
  subst'ing C:\Coin3D\src\Inventor\Win\common\nodes\Nodes.h.in
  subst'ing C:\Coin3D\src\Inventor\Win\common\nodes\Pane.cpp.in
  subst'ing C:\Coin3D\src\Inventor\Win\common\nodes\Pane.h.in
  subst'ing C:\Coin3D\src\Inventor\Win\common\nodes\Position.cpp.in
  subst'ing C:\Coin3D\src\Inventor\Win\common\nodes\Position.h.in
  subst'ing C:\Coin3D\src\Inventor\Win\common\nodes\RadioButton.cpp.in
  subst'ing C:\Coin3D\src\Inventor\Win\common\nodes\RadioButton.h.in
  subst'ing C:\Coin3D\src\Inventor\Win\common\nodes\SceneTexture2.cpp.in
  subst'ing C:\Coin3D\src\Inventor\Win\common\nodes\SceneTexture2.h.in
  subst'ing C:\Coin3D\src\Inventor\Win\common\nodes\Slider1.cpp.in
  subst'ing C:\Coin3D\src\Inventor\Win\common\nodes\Slider1.h.in
  subst'ing C:\Coin3D\src\Inventor\Win\common\nodes\Slider2.cpp.in
  subst'ing C:\Coin3D\src\Inventor\Win\common\nodes\Slider2.h.in
  subst'ing C:\Coin3D\src\Inventor\Win\common\nodes\ToggleButton.cpp.in
  subst'ing C:\Coin3D\src\Inventor\Win\common\nodes\ToggleButton.h.in
  subst'ing C:\Coin3D\src\Inventor\Win\common\nodes\Translation.cpp.in
  subst'ing C:\Coin3D\src\Inventor\Win\common\nodes\Translation.h.in
  subst'ing C:\Coin3D\src\Inventor\Win\common\nodes\ViewpointWrapper.cpp.in
  subst'ing C:\Coin3D\src\Inventor\Win\common\nodes\ViewpointWrapper.h.in
  subst'ing C:\Coin3D\src\Inventor\Win\common\nodes\ViewportFix.cpp.in
  subst'ing C:\Coin3D\src\Inventor\Win\common\nodes\ViewportFix.h.in
  subst'ing C:\Coin3D\src\Inventor\Win\common\SoAny.cpp.in
  subst'ing C:\Coin3D\src\Inventor\Win\common\SoAny.h.in
  subst'ing C:\Coin3D\src\Inventor\Win\common\SoGui.h.in
  subst'ing C:\Coin3D\src\Inventor\Win\common\SoGuiCommon.cpp.in
  subst'ing C:\Coin3D\src\Inventor\Win\common\SoGuiComponent.h.in
  subst'ing C:\Coin3D\src\Inventor\Win\common\SoGuiComponentCommon.cpp.in
  subst'ing C:\Coin3D\src\Inventor\Win\common\SoGuiComponentP.h.in
  subst'ing C:\Coin3D\src\Inventor\Win\common\SoGuiCursor.cpp.in
  subst'ing C:\Coin3D\src\Inventor\Win\common\SoGuiCursor.h.in
  subst'ing C:\Coin3D\src\Inventor\Win\common\SoGuiGLWidget.h.in
  subst'ing C:\Coin3D\src\Inventor\Win\common\SoGuiGLWidgetCommon.cpp.in
  subst'ing C:\Coin3D\src\Inventor\Win\common\SoGuiGLWidgetP.h.in
  subst'ing C:\Coin3D\src\Inventor\Win\common\SoGuiObject.cpp.in
  subst'ing C:\Coin3D\src\Inventor\Win\common\SoGuiObject.h.in
  subst'ing C:\Coin3D\src\Inventor\Win\common\SoGuiP.h.in
  subst'ing C:\Coin3D\src\Inventor\Win\common\SoGuiRenderArea.cpp.in
  subst'ing C:\Coin3D\src\Inventor\Win\common\SoGuiRenderArea.h.in
  subst'ing C:\Coin3D\src\Inventor\Win\common\spwinput.h.in
  subst'ing C:\Coin3D\src\Inventor\Win\common\spwinput_win32.c.in
  subst'ing C:\Coin3D\src\Inventor\Win\common\spwinput_win32.h.in
  subst'ing C:\Coin3D\src\Inventor\Win\common\spwinput_x11.cpp.in
  subst'ing C:\Coin3D\src\Inventor\Win\common\viewers\SoGuiConstrainedViewer.cpp.in
  subst'ing C:\Coin3D\src\Inventor\Win\common\viewers\SoGuiConstrainedViewer.h.in
  subst'ing C:\Coin3D\src\Inventor\Win\common\viewers\SoGuiExaminerViewer.cpp.in
  subst'ing C:\Coin3D\src\Inventor\Win\common\viewers\SoGuiExaminerViewer.h.in
  subst'ing C:\Coin3D\src\Inventor\Win\common\viewers\SoGuiExaminerViewerP.h.in
  subst'ing C:\Coin3D\src\Inventor\Win\common\viewers\SoGuiFlyViewer.cpp.in
  subst'ing C:\Coin3D\src\Inventor\Win\common\viewers\SoGuiFlyViewer.h.in
  subst'ing C:\Coin3D\src\Inventor\Win\common\viewers\SoGuiFullViewer.cpp.in
  subst'ing C:\Coin3D\src\Inventor\Win\common\viewers\SoGuiFullViewer.h.in
  subst'ing C:\Coin3D\src\Inventor\Win\common\viewers\SoGuiFullViewerP.h.in
  subst'ing C:\Coin3D\src\Inventor\Win\common\viewers\SoGuiPlaneViewer.cpp.in
  subst'ing C:\Coin3D\src\Inventor\Win\common\viewers\SoGuiPlaneViewer.h.in
  subst'ing C:\Coin3D\src\Inventor\Win\common\viewers\SoGuiPlaneViewerP.h.in
  subst'ing C:\Coin3D\src\Inventor\Win\common\viewers\SoGuiViewer.cpp.in
  subst'ing C:\Coin3D\src\Inventor\Win\common\viewers\SoGuiViewer.h.in
  subst'ing C:\Coin3D\src\Inventor\Win\common\viewers\SoGuiViewerP.h.in
  subst'ing C:\Coin3D\src\Inventor\Win\common\widgets\SoAnyThumbWheel.cpp.in
  subst'ing C:\Coin3D\src\Inventor\Win\common\widgets\SoAnyThumbWheel.h.in
  subst'ing C:\Coin3D\src\Inventor\Win\common\widgets\SoGuiPopupMenu.cpp.in
  subst'ing C:\Coin3D\src\Inventor\Win\common\widgets\SoGuiPopupMenu.h.in
  SoWinDevice.cpp
  SoWinInputFocus.cpp
  SoWinKeyboard.cpp
  SoWinMouse.cpp
  SoWinSpacenavDevice.cpp
  SoWinDeviceCommon.cpp
  SoWinInputFocusCommon.cpp
  SoWinKeyboardCommon.cpp
  SoWinMouseCommon.cpp
  spwinput_x11.cpp
  Generating Code...
  SoWin.cpp
C:\Coin3D\src\Inventor\Win\SoWin.cpp(308,1): warning C4996: 'strcpy': This function or variable may be unsafe. Consider using strcpy_s instead. To disable deprecation, use _CRT_SECURE_NO_WARNINGS. See online help for details.
C:\Program Files (x86)\Windows Kits\10\Include\10.0.18362.0\ucrt\string.h(133): message : see declaration of 'strcpy'
C:\Coin3D\src\Inventor\Win\SoWin.cpp(310,1): warning C4996: 'strcpy': This function or variable may be unsafe. Consider using strcpy_s instead. To disable deprecation, use _CRT_SECURE_NO_WARNINGS. See online help for details.
C:\Program Files (x86)\Windows Kits\10\Include\10.0.18362.0\ucrt\string.h(133): message : see declaration of 'strcpy'
  SoWinComponent.cpp
  SoWinGLWidget.cpp
  Win32API.cpp
C:\Coin3D\src\Inventor\Win\Win32API.cpp(650,1): warning C4996: 'GetVersionExA': was declared deprecated
C:\Program Files (x86)\Windows Kits\10\Include\10.0.18362.0\um\sysinfoapi.h(387): message : see declaration of 'GetVersionExA'
  SoAny.cpp
C:\Coin3D\build\msvc8\src\Inventor\Win\SoAny.cpp(492,1): warning C4996: 'strdup': The POSIX name for this item is deprecated. Instead, use the ISO C and C++ conformant name: _strdup. See online help for details.
C:\Program Files (x86)\Windows Kits\10\Include\10.0.18362.0\ucrt\string.h(536): message : see declaration of 'strdup'
  SoWinCommon.cpp
C:\Coin3D\build\msvc8\src\Inventor\Win\SoWinCommon.cpp(181,1): warning C4996: 'strncpy': This function or variable may be unsafe. Consider using strncpy_s instead. To disable deprecation, use _CRT_SECURE_NO_WARNINGS. See online help for details.
C:\Program Files (x86)\Windows Kits\10\Include\10.0.18362.0\ucrt\string.h(338): message : see declaration of 'strncpy'
  SoWinComponentCommon.cpp
  SoWinCursor.cpp
  SoWinGLWidgetCommon.cpp
  SoWinObject.cpp
  SoWinRenderArea.cpp
C:\Coin3D\build\msvc8\src\Inventor\Win\SoWinRenderArea.cpp(618,1): warning C4996: 'sscanf': This function or variable may be unsafe. Consider using sscanf_s instead. To disable deprecation, use _CRT_SECURE_NO_WARNINGS. See online help for details.
C:\Program Files (x86)\Windows Kits\10\Include\10.0.18362.0\ucrt\stdio.h(2263): message : see declaration of 'sscanf'
  Generating Code...
  ExaminerViewer.cpp
  FullViewer.cpp
C:\Coin3D\src\Inventor\Win\viewers\FullViewer.cpp(479,1): warning C4996: 'strcpy': This function or variable may be unsafe. Consider using strcpy_s instead. To disable deprecation, use _CRT_SECURE_NO_WARNINGS. See online help for details.
C:\Program Files (x86)\Windows Kits\10\Include\10.0.18362.0\ucrt\string.h(133): message : see declaration of 'strcpy'
  PlaneViewer.cpp
  SoWinConstrainedViewer.cpp
  SoWinExaminerViewer.cpp
  SoWinFlyViewer.cpp
C:\Coin3D\build\msvc8\src\Inventor\Win\viewers\SoWinFlyViewer.cpp(358,1): warning C4996: 'strcpy': This function or variable may be unsafe. Consider using strcpy_s instead. To disable deprecation, use _CRT_SECURE_NO_WARNINGS. See online help for details.
C:\Program Files (x86)\Windows Kits\10\Include\10.0.18362.0\ucrt\string.h(133): message : see declaration of 'strcpy'
  SoWinFullViewer.cpp
  SoWinPlaneViewer.cpp
  SoWinViewer.cpp
C:\Coin3D\build\msvc8\src\Inventor\Win\viewers\SoWinViewer.cpp(322,1): warning C4996: 'strcpy': This function or variable may be unsafe. Consider using strcpy_s instead. To disable deprecation, use _CRT_SECURE_NO_WARNINGS. See online help for details.
C:\Program Files (x86)\Windows Kits\10\Include\10.0.18362.0\ucrt\string.h(133): message : see declaration of 'strcpy'
C:\Coin3D\build\msvc8\src\Inventor\Win\viewers\SoWinViewer.cpp(1361,1): warning C4996: 'sprintf': This function or variable may be unsafe. Consider using sprintf_s instead. To disable deprecation, use _CRT_SECURE_NO_WARNINGS. See online help for details.
C:\Program Files (x86)\Windows Kits\10\Include\10.0.18362.0\ucrt\stdio.h(1774): message : see declaration of 'sprintf'
  Generating Code...
  SoWinBitmapButton.cpp
C:\Coin3D\src\Inventor\Win\widgets\SoWinBitmapButton.cpp(374,1): warning C4996: 'sscanf': This function or variable may be unsafe. Consider using sscanf_s instead. To disable deprecation, use _CRT_SECURE_NO_WARNINGS. See online help for details.
C:\Program Files (x86)\Windows Kits\10\Include\10.0.18362.0\ucrt\stdio.h(2263): message : see declaration of 'sscanf'
  SoWinThumbWheel.cpp
  WinNativePopupMenu.cpp
C:\Coin3D\src\Inventor\Win\widgets\WinNativePopupMenu.cpp(162,1): warning C4996: 'strcpy': This function or variable may be unsafe. Consider using strcpy_s instead. To disable deprecation, use _CRT_SECURE_NO_WARNINGS. See online help for details.
C:\Program Files (x86)\Windows Kits\10\Include\10.0.18362.0\ucrt\string.h(133): message : see declaration of 'strcpy'
C:\Coin3D\src\Inventor\Win\widgets\WinNativePopupMenu.cpp(218,1): warning C4996: 'strcpy': This function or variable may be unsafe. Consider using strcpy_s instead. To disable deprecation, use _CRT_SECURE_NO_WARNINGS. See online help for details.
C:\Program Files (x86)\Windows Kits\10\Include\10.0.18362.0\ucrt\string.h(133): message : see declaration of 'strcpy'
C:\Coin3D\src\Inventor\Win\widgets\WinNativePopupMenu.cpp(482,1): warning C4996: 'strcpy': This function or variable may be unsafe. Consider using strcpy_s instead. To disable deprecation, use _CRT_SECURE_NO_WARNINGS. See online help for details.
C:\Program Files (x86)\Windows Kits\10\Include\10.0.18362.0\ucrt\string.h(133): message : see declaration of 'strcpy'
C:\Coin3D\src\Inventor\Win\widgets\WinNativePopupMenu.cpp(483,1): warning C4996: 'strcpy': This function or variable may be unsafe. Consider using strcpy_s instead. To disable deprecation, use _CRT_SECURE_NO_WARNINGS. See online help for details.
C:\Program Files (x86)\Windows Kits\10\Include\10.0.18362.0\ucrt\string.h(133): message : see declaration of 'strcpy'
C:\Coin3D\src\Inventor\Win\widgets\WinNativePopupMenu.cpp(495,1): warning C4996: 'strcpy': This function or variable may be unsafe. Consider using strcpy_s instead. To disable deprecation, use _CRT_SECURE_NO_WARNINGS. See online help for details.
C:\Program Files (x86)\Windows Kits\10\Include\10.0.18362.0\ucrt\string.h(133): message : see declaration of 'strcpy'
C:\Coin3D\src\Inventor\Win\widgets\WinNativePopupMenu.cpp(496,1): warning C4996: 'strcpy': This function or variable may be unsafe. Consider using strcpy_s instead. To disable deprecation, use _CRT_SECURE_NO_WARNINGS. See online help for details.
C:\Program Files (x86)\Windows Kits\10\Include\10.0.18362.0\ucrt\string.h(133): message : see declaration of 'strcpy'
  SoAnyThumbWheel.cpp
  SoWinPopupMenu.cpp
  Generating Code...
  spwinput_win32.c
  SoWinColorEditor.cpp
  SoWinMaterialEditor.cpp
  Generating Code...
  Engines.cpp
  Format.cpp
  RadioGroup.cpp
  Generating Code...
  ClickCounter.cpp
  ColorEditor.cpp
  Frame.cpp
  Image.cpp
  Label.cpp
  MaterialEditor.cpp
  Nodes.cpp
  Pane.cpp
  Position.cpp
  RadioButton.cpp
  SceneTexture2.cpp
  Slider1.cpp
  Slider2.cpp
  ToggleButton.cpp
  Translation.cpp
  ViewpointWrapper.cpp
  ViewportFix.cpp
  Generating Code...
C:\Program Files (x86)\Microsoft Visual Studio\2019\Community\MSBuild\Microsoft\VC\v160\Microsoft.CppBuild.targets(1455,5): warning MSB8012: TargetPath(C:\Coin3D\build\msvc8\.\StaticDebug\sowin1.lib) does not match the Library's OutputFile property value (C:\Coin3D\build\msvc8\sowin1sd.lib). This may cause your project to build incorrectly. To correct this, please make sure that $(OutDir), $(TargetName) and $(TargetExt) property values match the value specified in %(Lib.OutputFile).
C:\Program Files (x86)\Microsoft Visual Studio\2019\Community\MSBuild\Microsoft\VC\v160\Microsoft.CppBuild.targets(1457,5): warning MSB8012: TargetName(sowin1) does not match the Library's OutputFile property value (sowin1sd). This may cause your project to build incorrectly. To correct this, please make sure that $(OutDir), $(TargetName) and $(TargetExt) property values match the value specified in %(Lib.OutputFile).
  sowin1.vcxproj -> C:\Coin3D\build\msvc8\.\StaticDebug\sowin1.lib
