C:\Program Files (x86)\Microsoft Visual Studio\2019\Community\MSBuild\Microsoft\VC\v160\Microsoft.CppBuild.targets(1274,5): warning MSB8012: TargetPath(C:\Coin3D\build\msvc9\.\Debug\sowin1.dll) does not match the Linker's OutputFile property value (C:\Coin3D\build\msvc9\sowin1d.dll). This may cause your project to build incorrectly. To correct this, please make sure that $(OutDir), $(TargetName) and $(TargetExt) property values match the value specified in %(Link.OutputFile).
C:\Program Files (x86)\Microsoft Visual Studio\2019\Community\MSBuild\Microsoft\VC\v160\Microsoft.CppBuild.targets(1276,5): warning MSB8012: TargetName(sowin1) does not match the Linker's OutputFile property value (sowin1d). This may cause your project to build incorrectly. To correct this, please make sure that $(OutDir), $(TargetName) and $(TargetExt) property values match the value specified in %(Link.OutputFile).
     Creating library .\Debug/sowin1d.lib and object .\Debug/sowin1d.exp
SoAny.obj : error LNK2019: unresolved external symbol "__declspec(dllimport) public: virtual void __thiscall SoInput::setBuffer(void const *,unsigned int)" (__imp_?setBuffer@SoInput@@UAEXPBXI@Z) referenced in function "public: static class SoNode * __cdecl SoAny::loadSceneGraph(char *,unsigned int)" (?loadSceneGraph@SoAny@@SAPAVSoNode@@PADI@Z)
SoWinRenderArea.obj : error LNK2019: unresolved external symbol "__declspec(dllimport) public: int __thiscall SbPList::find(void const *)const " (__imp_?find@SbPList@@QBEHPBX@Z) referenced in function "public: void __thiscall SoWinRenderArea::registerDevice(class SoWinDevice *)" (?registerDevice@SoWinRenderArea@@QAEXPAVSoWinDevice@@@Z)
FullViewer.obj : error LNK2001: unresolved external symbol "__declspec(dllimport) public: int __thiscall SbPList::find(void const *)const " (__imp_?find@SbPList@@QBEHPBX@Z)
SoWinViewer.obj : error LNK2001: unresolved external symbol "__declspec(dllimport) public: int __thiscall SbPList::find(void const *)const " (__imp_?find@SbPList@@QBEHPBX@Z)
ViewpointWrapper.obj : error LNK2001: unresolved external symbol "__declspec(dllimport) public: int __thiscall SbPList::find(void const *)const " (__imp_?find@SbPList@@QBEHPBX@Z)
    Hint on symbols that are defined and could potentially match:
      "__declspec(dllimport) public: int __thiscall SbDict::find(unsigned int,void * &)const " (__imp_?find@SbDict@@QBEHIAAPAX@Z)
SoWinFlyViewer.obj : error LNK2001: unresolved external symbol "public: virtual int __thiscall SoInput::readByte(signed char &)" (?readByte@SoInput@@UAEHAAC@Z)
SoWinPlaneViewer.obj : error LNK2001: unresolved external symbol "public: virtual int __thiscall SoInput::readByte(signed char &)" (?readByte@SoInput@@UAEHAAC@Z)
SoWinViewer.obj : error LNK2001: unresolved external symbol "public: virtual int __thiscall SoInput::readByte(signed char &)" (?readByte@SoInput@@UAEHAAC@Z)
SoWinFlyViewer.obj : error LNK2001: unresolved external symbol "public: virtual void __thiscall SoInput::setBuffer(void const *,unsigned int)" (?setBuffer@SoInput@@UAEXPBXI@Z)
SoWinPlaneViewer.obj : error LNK2001: unresolved external symbol "public: virtual void __thiscall SoInput::setBuffer(void const *,unsigned int)" (?setBuffer@SoInput@@UAEXPBXI@Z)
SoWinViewer.obj : error LNK2001: unresolved external symbol "public: virtual void __thiscall SoInput::setBuffer(void const *,unsigned int)" (?setBuffer@SoInput@@UAEXPBXI@Z)
SoWinViewer.obj : error LNK2001: unresolved external symbol "public: virtual void __thiscall SoGroup::addWriteReference(class SoOutput *,int)" (?addWriteReference@SoGroup@@UAEXPAVSoOutput@@H@Z)
Pane.obj : error LNK2001: unresolved external symbol "public: virtual void __thiscall SoGroup::addWriteReference(class SoOutput *,int)" (?addWriteReference@SoGroup@@UAEXPAVSoOutput@@H@Z)
SoWinViewer.obj : error LNK2001: unresolved external symbol "protected: virtual class SoNotRec __thiscall SoGroup::createNotRec(void)" (?createNotRec@SoGroup@@MAE?AVSoNotRec@@XZ)
Pane.obj : error LNK2001: unresolved external symbol "protected: virtual class SoNotRec __thiscall SoGroup::createNotRec(void)" (?createNotRec@SoGroup@@MAE?AVSoNotRec@@XZ)
ViewportFix.obj : error LNK2019: unresolved external symbol "protected: virtual class SoNotRec __thiscall SoBase::createNotRec(void)" (?createNotRec@SoBase@@MAE?AVSoNotRec@@XZ) referenced in function "protected: virtual __thiscall SoGuiViewportFix::~SoGuiViewportFix(void)" (??1SoGuiViewportFix@@MAE@XZ)
Slider2.obj : error LNK2001: unresolved external symbol "protected: virtual class SoNotRec __thiscall SoBase::createNotRec(void)" (?createNotRec@SoBase@@MAE?AVSoNotRec@@XZ)
ToggleButton.obj : error LNK2001: unresolved external symbol "protected: virtual class SoNotRec __thiscall SoBase::createNotRec(void)" (?createNotRec@SoBase@@MAE?AVSoNotRec@@XZ)
Translation.obj : error LNK2001: unresolved external symbol "protected: virtual class SoNotRec __thiscall SoBase::createNotRec(void)" (?createNotRec@SoBase@@MAE?AVSoNotRec@@XZ)
ViewpointWrapper.obj : error LNK2001: unresolved external symbol "protected: virtual class SoNotRec __thiscall SoBase::createNotRec(void)" (?createNotRec@SoBase@@MAE?AVSoNotRec@@XZ)
Position.obj : error LNK2001: unresolved external symbol "protected: virtual class SoNotRec __thiscall SoBase::createNotRec(void)" (?createNotRec@SoBase@@MAE?AVSoNotRec@@XZ)
RadioButton.obj : error LNK2001: unresolved external symbol "protected: virtual class SoNotRec __thiscall SoBase::createNotRec(void)" (?createNotRec@SoBase@@MAE?AVSoNotRec@@XZ)
SceneTexture2.obj : error LNK2001: unresolved external symbol "protected: virtual class SoNotRec __thiscall SoBase::createNotRec(void)" (?createNotRec@SoBase@@MAE?AVSoNotRec@@XZ)
Slider1.obj : error LNK2001: unresolved external symbol "protected: virtual class SoNotRec __thiscall SoBase::createNotRec(void)" (?createNotRec@SoBase@@MAE?AVSoNotRec@@XZ)
Frame.obj : error LNK2001: unresolved external symbol "protected: virtual class SoNotRec __thiscall SoBase::createNotRec(void)" (?createNotRec@SoBase@@MAE?AVSoNotRec@@XZ)
Image.obj : error LNK2001: unresolved external symbol "protected: virtual class SoNotRec __thiscall SoBase::createNotRec(void)" (?createNotRec@SoBase@@MAE?AVSoNotRec@@XZ)
Label.obj : error LNK2001: unresolved external symbol "protected: virtual class SoNotRec __thiscall SoBase::createNotRec(void)" (?createNotRec@SoBase@@MAE?AVSoNotRec@@XZ)
MaterialEditor.obj : error LNK2001: unresolved external symbol "protected: virtual class SoNotRec __thiscall SoBase::createNotRec(void)" (?createNotRec@SoBase@@MAE?AVSoNotRec@@XZ)
Format.obj : error LNK2001: unresolved external symbol "protected: virtual class SoNotRec __thiscall SoBase::createNotRec(void)" (?createNotRec@SoBase@@MAE?AVSoNotRec@@XZ)
RadioGroup.obj : error LNK2001: unresolved external symbol "protected: virtual class SoNotRec __thiscall SoBase::createNotRec(void)" (?createNotRec@SoBase@@MAE?AVSoNotRec@@XZ)
ClickCounter.obj : error LNK2001: unresolved external symbol "protected: virtual class SoNotRec __thiscall SoBase::createNotRec(void)" (?createNotRec@SoBase@@MAE?AVSoNotRec@@XZ)
ColorEditor.obj : error LNK2001: unresolved external symbol "protected: virtual class SoNotRec __thiscall SoBase::createNotRec(void)" (?createNotRec@SoBase@@MAE?AVSoNotRec@@XZ)
ViewpointWrapper.obj : error LNK2019: unresolved external symbol "__declspec(dllimport) public: void __thiscall SoSFTime::setValue(class SbTime const &)" (__imp_?setValue@SoSFTime@@QAEXABVSbTime@@@Z) referenced in function "private: void __thiscall SoGuiViewpointWrapper::sendBindEvents(class SoNode *,int)" (?sendBindEvents@SoGuiViewpointWrapper@@AAEXPAVSoNode@@H@Z)
    Hint on symbols that are defined and could potentially match:
      "__declspec(dllimport) public: class SbRotation & __thiscall SbRotation::setValue(class SbVec3f const &,float)" (__imp_?setValue@SbRotation@@QAEAAV1@ABVSbVec3f@@M@Z)
      "__declspec(dllimport) public: void __thiscall SbTime::setValue(double)" (__imp_?setValue@SbTime@@QAEXN@Z)
      "__declspec(dllimport) public: class SbVec2f & __thiscall SbVec2f::setValue(float,float)" (__imp_?setValue@SbVec2f@@QAEAAV1@MM@Z)
      "__declspec(dllimport) public: class SbVec3f & __thiscall SbVec3f::setValue(float,float,float)" (__imp_?setValue@SbVec3f@@QAEAAV1@MMM@Z)
      "__declspec(dllimport) public: void __thiscall SoMFColor::setValue(class SbColor const &)" (__imp_?setValue@SoMFColor@@QAEXABVSbColor@@@Z)
      "__declspec(dllimport) public: void __thiscall SoMFColor::setValue(float,float,float)" (__imp_?setValue@SoMFColor@@QAEXMMM@Z)
      "__declspec(dllimport) public: void __thiscall SoMFFloat::setValue(float)" (__imp_?setValue@SoMFFloat@@QAEXM@Z)
      "__declspec(dllimport) public: void __thiscall SoMFString::setValue(class SbString const &)" (__imp_?setValue@SoMFString@@QAEXABVSbString@@@Z)
      "__declspec(dllimport) public: void __thiscall SoMFString::setValue(char const *)" (__imp_?setValue@SoMFString@@QAEXPBD@Z)
      "__declspec(dllimport) public: void __thiscall SoSFBool::setValue(int)" (__imp_?setValue@SoSFBool@@QAEXH@Z)
      "__declspec(dllimport) public: void __thiscall SoSFColor::setValue(class SbColor const &)" (__imp_?setValue@SoSFColor@@QAEXABVSbColor@@@Z)
      "__declspec(dllimport) public: void __thiscall SoSFEnum::setValue(int)" (__imp_?setValue@SoSFEnum@@QAEXH@Z)
      "__declspec(dllimport) public: void __thiscall SoSFFloat::setValue(float)" (__imp_?setValue@SoSFFloat@@QAEXM@Z)
      "__declspec(dllimport) public: void __thiscall SoSFImage::setValue(class SbVec2s const &,int,unsigned char const *,enum SoSFImage::CopyPolicy)" (__imp_?setValue@SoSFImage@@QAEXABVSbVec2s@@HPBEW4CopyPolicy@1@@Z)
      "__declspec(dllimport) public: void __thiscall SoSFInt32::setValue(int)" (__imp_?setValue@SoSFInt32@@QAEXH@Z)
      "__declspec(dllimport) public: void __thiscall SoSFNode::setValue(class SoNode *)" (__imp_?setValue@SoSFNode@@QAEXPAVSoNode@@@Z)
      "__declspec(dllimport) public: void __thiscall SoSFRotation::setValue(class SbRotation const &)" (__imp_?setValue@SoSFRotation@@QAEXABVSbRotation@@@Z)
      "__declspec(dllimport) public: void __thiscall SoSFShort::setValue(short)" (__imp_?setValue@SoSFShort@@QAEXF@Z)
      "__declspec(dllimport) public: void __thiscall SoSFString::setValue(class SbString const &)" (__imp_?setValue@SoSFString@@QAEXABVSbString@@@Z)
      "__declspec(dllimport) public: void __thiscall SoSFString::setValue(char const *)" (__imp_?setValue@SoSFString@@QAEXPBD@Z)
      "__declspec(dllimport) public: void __thiscall SoSFTrigger::setValue(void)" (__imp_?setValue@SoSFTrigger@@QAEXXZ)
      "__declspec(dllimport) public: void __thiscall SoSFVec2f::setValue(class SbVec2f const &)" (__imp_?setValue@SoSFVec2f@@QAEXABVSbVec2f@@@Z)
      "__declspec(dllimport) public: void __thiscall SoSFVec3f::setValue(class SbVec3f const &)" (__imp_?setValue@SoSFVec3f@@QAEXABVSbVec3f@@@Z)
      "__declspec(dllimport) public: void __thiscall SoSFVec3f::setValue(float,float,float)" (__imp_?setValue@SoSFVec3f@@QAEXMMM@Z)
ViewpointWrapper.obj : error LNK2001: unresolved external symbol "public: virtual void __thiscall SoCamera::getMatrix(class SoGetMatrixAction *)" (?getMatrix@SoCamera@@UAEXPAVSoGetMatrixAction@@@Z)
ViewpointWrapper.obj : error LNK2001: unresolved external symbol "public: virtual void __thiscall SoPerspectiveCamera::viewBoundingBox(class SbBox3f const &,float,float)" (?viewBoundingBox@SoPerspectiveCamera@@UAEXABVSbBox3f@@MM@Z)
C:\Coin3D\lib\Coin4d.lib : warning LNK4272: library machine type 'x64' conflicts with target machine type 'x86'
sowin1d.dll : fatal error LNK1120: 10 unresolved externals
