c:\coin3d\build\msvc8\debug\inventor\win\vc142.pdb
c:\coin3d\build\msvc8\debug\inventor\win\sowinrenderarea.obj
c:\coin3d\build\msvc8\debug\inventor\win\sowinobject.obj
c:\coin3d\build\msvc8\debug\inventor\win\sowinglwidgetcommon.obj
c:\coin3d\build\msvc8\debug\inventor\win\sowincursor.obj
c:\coin3d\build\msvc8\debug\inventor\win\sowincomponentcommon.obj
c:\coin3d\build\msvc8\debug\inventor\win\soany.obj
c:\coin3d\build\msvc8\debug\inventor\win\sowincommon.obj
c:\coin3d\build\msvc8\debug\inventor\win\win32api.obj
c:\coin3d\build\msvc8\debug\inventor\win\sowinglwidget.obj
c:\coin3d\build\msvc8\debug\inventor\win\sowincomponent.obj
c:\coin3d\build\msvc8\debug\inventor\win\sowin.obj
c:\coin3d\build\msvc8\debug\win\devices\vc142.pdb
c:\coin3d\build\msvc8\debug\win\devices\spwinput_x11.obj
c:\coin3d\build\msvc8\debug\win\devices\sowinmousecommon.obj
c:\coin3d\build\msvc8\debug\win\devices\sowinkeyboardcommon.obj
c:\coin3d\build\msvc8\debug\win\devices\sowininputfocuscommon.obj
c:\coin3d\build\msvc8\debug\win\devices\sowindevicecommon.obj
c:\coin3d\build\msvc8\debug\win\devices\sowinspacenavdevice.obj
c:\coin3d\build\msvc8\debug\win\devices\sowinmouse.obj
c:\coin3d\build\msvc8\debug\win\devices\sowinkeyboard.obj
c:\coin3d\build\msvc8\debug\win\devices\sowininputfocus.obj
c:\coin3d\build\msvc8\debug\win\devices\sowindevice.obj
c:\coin3d\build\msvc8\debug\win\viewers\vc142.pdb
c:\coin3d\build\msvc8\debug\win\viewers\sowinviewer.obj
c:\coin3d\build\msvc8\debug\win\viewers\sowinplaneviewer.obj
c:\coin3d\build\msvc8\debug\win\viewers\sowinfullviewer.obj
c:\coin3d\build\msvc8\debug\win\viewers\sowinflyviewer.obj
c:\coin3d\build\msvc8\debug\win\viewers\sowinexaminerviewer.obj
c:\coin3d\build\msvc8\debug\win\viewers\sowinconstrainedviewer.obj
c:\coin3d\build\msvc8\debug\win\viewers\planeviewer.obj
c:\coin3d\build\msvc8\debug\win\viewers\fullviewer.obj
c:\coin3d\build\msvc8\debug\win\viewers\examinerviewer.obj
c:\coin3d\build\msvc8\debug\win\widgets\vc142.pdb
c:\coin3d\build\msvc8\debug\win\widgets\sowinpopupmenu.obj
c:\coin3d\build\msvc8\debug\win\widgets\soanythumbwheel.obj
c:\coin3d\build\msvc8\debug\win\widgets\winnativepopupmenu.obj
c:\coin3d\build\msvc8\debug\win\widgets\sowinthumbwheel.obj
c:\coin3d\build\msvc8\debug\win\widgets\sowinbitmapbutton.obj
c:\coin3d\build\msvc8\debug\win\devices\spwinput_win32.obj
c:\coin3d\build\msvc8\debug\win\editors\vc142.pdb
c:\coin3d\build\msvc8\debug\win\editors\sowinmaterialeditor.obj
c:\coin3d\build\msvc8\debug\win\editors\sowincoloreditor.obj
c:\coin3d\build\msvc8\debug\win\engines\vc142.pdb
c:\coin3d\build\msvc8\debug\win\engines\radiogroup.obj
c:\coin3d\build\msvc8\debug\win\engines\format.obj
c:\coin3d\build\msvc8\debug\win\engines\engines.obj
c:\coin3d\build\msvc8\debug\win\nodes\vc142.pdb
c:\coin3d\build\msvc8\debug\win\nodes\viewportfix.obj
c:\coin3d\build\msvc8\debug\win\nodes\viewpointwrapper.obj
c:\coin3d\build\msvc8\debug\win\nodes\translation.obj
c:\coin3d\build\msvc8\debug\win\nodes\togglebutton.obj
c:\coin3d\build\msvc8\debug\win\nodes\slider2.obj
c:\coin3d\build\msvc8\debug\win\nodes\slider1.obj
c:\coin3d\build\msvc8\debug\win\nodes\scenetexture2.obj
c:\coin3d\build\msvc8\debug\win\nodes\radiobutton.obj
c:\coin3d\build\msvc8\debug\win\nodes\position.obj
c:\coin3d\build\msvc8\debug\win\nodes\pane.obj
c:\coin3d\build\msvc8\debug\win\nodes\nodes.obj
c:\coin3d\build\msvc8\debug\win\nodes\materialeditor.obj
c:\coin3d\build\msvc8\debug\win\nodes\label.obj
c:\coin3d\build\msvc8\debug\win\nodes\image.obj
c:\coin3d\build\msvc8\debug\win\nodes\frame.obj
c:\coin3d\build\msvc8\debug\win\nodes\coloreditor.obj
c:\coin3d\build\msvc8\debug\win\nodes\clickcounter.obj
c:\coin3d\build\msvc8\src\inventor\win\devices\sowindevicecommon.cpp
c:\coin3d\build\msvc8\src\inventor\win\devices\sowindevice.h
c:\coin3d\build\msvc8\src\inventor\win\devices\soguidevicep.h
c:\coin3d\build\msvc8\src\inventor\win\devices\sowininputfocuscommon.cpp
c:\coin3d\build\msvc8\src\inventor\win\devices\sowininputfocus.h
c:\coin3d\build\msvc8\src\inventor\win\devices\soguiinputfocusp.h
c:\coin3d\build\msvc8\src\inventor\win\devices\sowinkeyboardcommon.cpp
c:\coin3d\build\msvc8\src\inventor\win\devices\sowinkeyboard.h
c:\coin3d\build\msvc8\src\inventor\win\devices\soguikeyboardp.h
c:\coin3d\build\msvc8\src\inventor\win\devices\sowinmousecommon.cpp
c:\coin3d\build\msvc8\src\inventor\win\devices\sowinmouse.h
c:\coin3d\build\msvc8\src\inventor\win\devices\soguimousep.h
c:\coin3d\build\msvc8\src\inventor\win\editors\sowincoloreditor.cpp
c:\coin3d\build\msvc8\src\inventor\win\editors\sowincoloreditor.h
c:\coin3d\build\msvc8\src\inventor\win\editors\sowinmaterialeditor.cpp
c:\coin3d\build\msvc8\src\inventor\win\sowinmaterialeditor.h
c:\coin3d\build\msvc8\src\inventor\win\engines\engines.cpp
c:\coin3d\build\msvc8\src\inventor\win\engines\soguiengines.h
c:\coin3d\build\msvc8\src\inventor\win\engines\format.cpp
c:\coin3d\build\msvc8\src\inventor\win\engines\soguiformat.h
c:\coin3d\build\msvc8\src\inventor\win\engines\radiogroup.cpp
c:\coin3d\build\msvc8\src\inventor\win\engines\soguiradiogroup.h
c:\coin3d\build\msvc8\src\inventor\win\common\gl.h
c:\coin3d\build\msvc8\src\inventor\win\nodes\clickcounter.cpp
c:\coin3d\build\msvc8\src\inventor\win\nodes\soguiclickcounter.h
c:\coin3d\build\msvc8\src\inventor\win\nodes\coloreditor.cpp
c:\coin3d\build\msvc8\src\inventor\win\nodes\soguicoloreditor.h
c:\coin3d\build\msvc8\src\inventor\win\nodes\frame.cpp
c:\coin3d\build\msvc8\src\inventor\win\nodes\soguiframe.h
c:\coin3d\build\msvc8\src\inventor\win\nodes\image.cpp
c:\coin3d\build\msvc8\src\inventor\win\nodes\soguiimage.h
c:\coin3d\build\msvc8\src\inventor\win\nodes\label.cpp
c:\coin3d\build\msvc8\src\inventor\win\nodes\soguilabel.h
c:\coin3d\build\msvc8\src\inventor\win\nodes\materialeditor.cpp
c:\coin3d\build\msvc8\src\inventor\win\nodes\soguimaterialeditor.h
c:\coin3d\build\msvc8\src\inventor\win\nodes\nodes.cpp
c:\coin3d\build\msvc8\src\inventor\win\nodes\soguinodes.h
c:\coin3d\build\msvc8\src\inventor\win\nodes\pane.cpp
c:\coin3d\build\msvc8\src\inventor\win\nodes\soguipane.h
c:\coin3d\build\msvc8\src\inventor\win\nodes\position.cpp
c:\coin3d\build\msvc8\src\inventor\win\nodes\soguiposition.h
c:\coin3d\build\msvc8\src\inventor\win\nodes\radiobutton.cpp
c:\coin3d\build\msvc8\src\inventor\win\nodes\soguiradiobutton.h
c:\coin3d\build\msvc8\src\inventor\win\nodes\scenetexture2.cpp
c:\coin3d\build\msvc8\src\inventor\win\nodes\soguiscenetexture2.h
c:\coin3d\build\msvc8\src\inventor\win\nodes\slider1.cpp
c:\coin3d\build\msvc8\src\inventor\win\nodes\soguislider1.h
c:\coin3d\build\msvc8\src\inventor\win\nodes\slider2.cpp
c:\coin3d\build\msvc8\src\inventor\win\nodes\soguislider2.h
c:\coin3d\build\msvc8\src\inventor\win\nodes\togglebutton.cpp
c:\coin3d\build\msvc8\src\inventor\win\nodes\soguitogglebutton.h
c:\coin3d\build\msvc8\src\inventor\win\nodes\translation.cpp
c:\coin3d\build\msvc8\src\inventor\win\nodes\soguitranslation.h
c:\coin3d\build\msvc8\src\inventor\win\nodes\viewpointwrapper.cpp
c:\coin3d\build\msvc8\src\inventor\win\nodes\soguiviewpointwrapper.h
c:\coin3d\build\msvc8\src\inventor\win\nodes\viewportfix.cpp
c:\coin3d\build\msvc8\src\inventor\win\nodes\soguiviewportfix.h
c:\coin3d\build\msvc8\src\inventor\win\soany.cpp
c:\coin3d\build\msvc8\src\inventor\win\soany.h
c:\coin3d\build\msvc8\src\inventor\win\sowin.h
c:\coin3d\build\msvc8\src\inventor\win\sowincommon.cpp
c:\coin3d\build\msvc8\src\inventor\win\sowincomponent.h
c:\coin3d\build\msvc8\src\inventor\win\sowincomponentcommon.cpp
c:\coin3d\build\msvc8\src\inventor\win\soguicomponentp.h
c:\coin3d\build\msvc8\src\inventor\win\sowincursor.cpp
c:\coin3d\build\msvc8\src\inventor\win\sowincursor.h
c:\coin3d\build\msvc8\src\inventor\win\sowinglwidget.h
c:\coin3d\build\msvc8\src\inventor\win\sowinglwidgetcommon.cpp
c:\coin3d\build\msvc8\src\inventor\win\soguiglwidgetp.h
c:\coin3d\build\msvc8\src\inventor\win\sowinobject.cpp
c:\coin3d\build\msvc8\src\inventor\win\sowinobject.h
c:\coin3d\build\msvc8\src\inventor\win\soguip.h
c:\coin3d\build\msvc8\src\inventor\win\sowinrenderarea.cpp
c:\coin3d\build\msvc8\src\inventor\win\sowinrenderarea.h
c:\coin3d\build\msvc8\src\inventor\win\devices\spwinput.h
c:\coin3d\build\msvc8\src\inventor\win\devices\spwinput_win32.c
c:\coin3d\build\msvc8\src\inventor\win\devices\spwinput_win32.h
c:\coin3d\build\msvc8\src\inventor\win\devices\spwinput_x11.cpp
c:\coin3d\build\msvc8\src\inventor\win\viewers\sowinconstrainedviewer.cpp
c:\coin3d\build\msvc8\src\inventor\win\viewers\sowinconstrainedviewer.h
c:\coin3d\build\msvc8\src\inventor\win\viewers\sowinexaminerviewer.cpp
c:\coin3d\build\msvc8\src\inventor\win\viewers\sowinexaminerviewer.h
c:\coin3d\build\msvc8\src\inventor\win\viewers\soguiexaminerviewerp.h
c:\coin3d\build\msvc8\src\inventor\win\viewers\sowinflyviewer.cpp
c:\coin3d\build\msvc8\src\inventor\win\viewers\sowinflyviewer.h
c:\coin3d\build\msvc8\src\inventor\win\viewers\sowinfullviewer.cpp
c:\coin3d\build\msvc8\src\inventor\win\viewers\sowinfullviewer.h
c:\coin3d\build\msvc8\src\inventor\win\viewers\soguifullviewerp.h
c:\coin3d\build\msvc8\src\inventor\win\viewers\sowinplaneviewer.cpp
c:\coin3d\build\msvc8\src\inventor\win\viewers\sowinplaneviewer.h
c:\coin3d\build\msvc8\src\inventor\win\viewers\soguiplaneviewerp.h
c:\coin3d\build\msvc8\src\inventor\win\viewers\sowinviewer.cpp
c:\coin3d\build\msvc8\src\inventor\win\viewers\sowinviewer.h
c:\coin3d\build\msvc8\src\inventor\win\viewers\soguiviewerp.h
c:\coin3d\build\msvc8\src\inventor\win\widgets\soanythumbwheel.cpp
c:\coin3d\build\msvc8\src\inventor\win\widgets\soanythumbwheel.h
c:\coin3d\build\msvc8\src\inventor\win\widgets\sowinpopupmenu.cpp
c:\coin3d\build\msvc8\src\inventor\win\widgets\sowinpopupmenu.h
c:\coin3d\build\msvc8\debug\sowin1d.exp
c:\coin3d\build\msvc8\debug\sowin1d.pdb
c:\coin3d\build\msvc8\debug\sowin1.tlog\cl.command.1.tlog
c:\coin3d\build\msvc8\debug\sowin1.tlog\cl.read.1.tlog
c:\coin3d\build\msvc8\debug\sowin1.tlog\cl.write.1.tlog
c:\coin3d\build\msvc8\debug\sowin1.tlog\custombuild.command.1.tlog
c:\coin3d\build\msvc8\debug\sowin1.tlog\custombuild.read.1.tlog
c:\coin3d\build\msvc8\debug\sowin1.tlog\custombuild.write.1.tlog
c:\coin3d\build\msvc8\debug\sowin1.tlog\link-cvtres.read.1.tlog
c:\coin3d\build\msvc8\debug\sowin1.tlog\link-cvtres.write.1.tlog
c:\coin3d\build\msvc8\debug\sowin1.tlog\link-rc.read.1.tlog
c:\coin3d\build\msvc8\debug\sowin1.tlog\link-rc.write.1.tlog
c:\coin3d\build\msvc8\debug\sowin1.tlog\link.command.1.tlog
c:\coin3d\build\msvc8\debug\sowin1.tlog\link.delete.1.tlog
c:\coin3d\build\msvc8\debug\sowin1.tlog\link.read.1.tlog
c:\coin3d\build\msvc8\debug\sowin1.tlog\link.write.1.tlog
